<?xml version="1.0" encoding="UTF-8"?>
<testsuite name="CarExtensionKtTest" tests="1" skipped="0" failures="0" errors="0" timestamp="2021-03-24T20:36:31" hostname="DCHERNYAKOV" time="0.024">
  <properties/>
  <testcase name="isWrong()" classname="CarExtensionKtTest" time="0.024"/>
  <system-out><![CDATA[]]></system-out>
  <system-err><![CDATA[]]></system-err>
</testsuite>
