<?xml version="1.0" encoding="UTF-8"?>
<testsuite name="CarTest" tests="1" skipped="0" failures="0" errors="0" timestamp="2021-04-05T16:52:37" hostname="DCHERNYAKOV" time="0.012">
  <properties/>
  <testcase name="car()" classname="CarTest" time="0.012"/>
  <system-out><![CDATA[]]></system-out>
  <system-err><![CDATA[]]></system-err>
</testsuite>
